<?xml version="1.0" encoding="UTF-8"?>
<testsuite name="com.team13.piazzapanic.FoodAssetTests" tests="15" skipped="0" failures="0" errors="0" timestamp="2023-02-24T12:27:25" hostname="ADI" time="0.233">
  <properties/>
  <testcase name="testBurgerRecipeAssetExists" classname="com.team13.piazzapanic.FoodAssetTests" time="0.006"/>
  <testcase name="testBurgerBunsAssetExists" classname="com.team13.piazzapanic.FoodAssetTests" time="0.001"/>
  <testcase name="testTomatoAssetExists" classname="com.team13.piazzapanic.FoodAssetTests" time="0.001"/>
  <testcase name="testChoppedLettuceAssetExists" classname="com.team13.piazzapanic.FoodAssetTests" time="0.001"/>
  <testcase name="testChoppedTomatoAssetExists" classname="com.team13.piazzapanic.FoodAssetTests" time="0.001"/>
  <testcase name="testMeatAssetExists" classname="com.team13.piazzapanic.FoodAssetTests" time="0.001"/>
  <testcase name="testOnionAssetExists" classname="com.team13.piazzapanic.FoodAssetTests" time="0.001"/>
  <testcase name="testCookedPattyAssetExists" classname="com.team13.piazzapanic.FoodAssetTests" time="0.001"/>
  <testcase name="testSaladRecipeExists" classname="com.team13.piazzapanic.FoodAssetTests" time="0.001"/>
  <testcase name="testPattyAssetExists" classname="com.team13.piazzapanic.FoodAssetTests" time="0.001"/>
  <testcase name="testToasterBurgerBunsAssetExists" classname="com.team13.piazzapanic.FoodAssetTests" time="0.0"/>
  <testcase name="testChoppedOnionAssetExists" classname="com.team13.piazzapanic.FoodAssetTests" time="0.001"/>
  <testcase name="testLettuceAssetExists" classname="com.team13.piazzapanic.FoodAssetTests" time="0.001"/>
  <testcase name="testSaladAssetExists" classname="com.team13.piazzapanic.FoodAssetTests" time="0.001"/>
  <testcase name="testBurgerAssetExists" classname="com.team13.piazzapanic.FoodAssetTests" time="0.002"/>
  <system-out><![CDATA[]]></system-out>
  <system-err><![CDATA[]]></system-err>
</testsuite>
